2011/03/25 09:43:35 - loadSOFacts.bat - Found 0 previous result rows
2011/03/25 09:43:35 - loadSOFacts.bat - Running on platform : Windows XP
2011/03/25 09:43:35 - loadSOFacts.bat - Executing command : cmd.exe /C "c:\erp-intell\ETL\SO\ETL\load\postbooks\loadSOFacts.bat"
2011/03/25 09:43:35 - loadSOFacts.bat - loadSOFacts.bat (stdout)
2011/03/25 09:43:35 - loadSOFacts.bat - loadSOFacts.bat (stdout)
2011/03/25 09:43:36 - loadSOFacts.bat - loadSOFacts.bat (stdout)
2011/03/25 09:43:36 - loadSOFacts.bat - Command cmd.exe /C "c:\erp-intell\ETL\SO\ETL\load\postbooks\loadSOFacts.bat" has finished
2011/03/28 19:21:16 - loadSOFacts.bat - Found 0 previous result rows
2011/03/28 19:21:16 - loadSOFacts.bat - Running on platform : Windows XP
2011/03/28 19:21:16 - loadSOFacts.bat - Executing command : cmd.exe /C "c:\erp-intell\ETL\SO\ETL\load\postbooks\loadSOFacts.bat"
2011/03/28 19:21:16 - loadSOFacts.bat - loadSOFacts.bat (stdout)
2011/03/28 19:21:16 - loadSOFacts.bat - loadSOFacts.bat (stdout)
2011/03/28 19:21:21 - loadSOFacts.bat - loadSOFacts.bat (stdout)
2011/03/28 19:21:21 - loadSOFacts.bat - Command cmd.exe /C "c:\erp-intell\ETL\SO\ETL\load\postbooks\loadSOFacts.bat" has finished
2011/03/28 19:27:35 - loadSOFacts.bat - Found 0 previous result rows
2011/03/28 19:27:35 - loadSOFacts.bat - Running on platform : Windows XP
2011/03/28 19:27:35 - loadSOFacts.bat - Executing command : cmd.exe /C "c:\erp-intell\ETL\SO\ETL\load\postbooks\loadSOFacts.bat"
2011/03/28 19:27:35 - loadSOFacts.bat - loadSOFacts.bat (stdout)
2011/03/28 19:27:35 - loadSOFacts.bat - loadSOFacts.bat (stdout)
2011/03/28 19:27:36 - loadSOFacts.bat - loadSOFacts.bat (stdout)
2011/03/28 19:27:36 - loadSOFacts.bat - Command cmd.exe /C "c:\erp-intell\ETL\SO\ETL\load\postbooks\loadSOFacts.bat" has finished
2011/03/28 20:27:40 - loadSOFacts.bat - Found 0 previous result rows
2011/03/28 20:27:40 - loadSOFacts.bat - Running on platform : Windows XP
2011/03/28 20:27:40 - loadSOFacts.bat - Executing command : cmd.exe /C "c:\erp-intell\ETL\SO\ETL\load\postbooks\loadSOFacts.bat"
2011/03/28 20:27:40 - loadSOFacts.bat - loadSOFacts.bat (stdout)
2011/03/28 20:27:40 - loadSOFacts.bat - loadSOFacts.bat (stdout)
2011/03/28 20:27:41 - loadSOFacts.bat - loadSOFacts.bat (stdout)
2011/03/28 20:27:41 - loadSOFacts.bat - Command cmd.exe /C "c:\erp-intell\ETL\SO\ETL\load\postbooks\loadSOFacts.bat" has finished
2011/03/30 10:07:30 - loadSOFacts.bat - Found 0 previous result rows
2011/03/30 10:07:30 - loadSOFacts.bat - Running on platform : Windows XP
2011/03/30 10:07:30 - loadSOFacts.bat - Executing command : cmd.exe /C "c:\erp-intell\ETL\SO\ETL\load\postbooks\loadSOFacts.bat"
2011/03/30 10:07:30 - loadSOFacts.bat - loadSOFacts.bat (stdout)
2011/03/30 10:07:30 - loadSOFacts.bat - loadSOFacts.bat (stdout)
2011/03/30 10:07:35 - loadSOFacts.bat - loadSOFacts.bat (stdout)
2011/03/30 10:07:35 - loadSOFacts.bat - Command cmd.exe /C "c:\erp-intell\ETL\SO\ETL\load\postbooks\loadSOFacts.bat" has finished
2011/03/30 10:14:02 - loadSOFacts.bat - Found 0 previous result rows
2011/03/30 10:14:02 - loadSOFacts.bat - Running on platform : Windows XP
2011/03/30 10:14:02 - loadSOFacts.bat - Executing command : cmd.exe /C "c:\erp-intell\ETL\SO\ETL\load\postbooks\loadSOFacts.bat"
2011/03/30 10:14:03 - loadSOFacts.bat - loadSOFacts.bat (stdout)
2011/03/30 10:14:03 - loadSOFacts.bat - loadSOFacts.bat (stdout)
2011/03/30 10:14:03 - loadSOFacts.bat - loadSOFacts.bat (stdout)
2011/03/30 10:14:03 - loadSOFacts.bat - Command cmd.exe /C "c:\erp-intell\ETL\SO\ETL\load\postbooks\loadSOFacts.bat" has finished
2011/03/30 10:32:52 - loadSOFacts.bat - Found 0 previous result rows
2011/03/30 10:32:52 - loadSOFacts.bat - Running on platform : Windows XP
2011/03/30 10:32:52 - loadSOFacts.bat - Executing command : cmd.exe /C "c:\erp-intell\ETL\SO\ETL\load\postbooks\loadSOFacts.bat"
2011/03/30 10:32:53 - loadSOFacts.bat - loadSOFacts.bat (stdout)
2011/03/30 10:32:53 - loadSOFacts.bat - loadSOFacts.bat (stdout)
2011/03/30 10:32:53 - loadSOFacts.bat - loadSOFacts.bat (stdout)
2011/03/30 10:32:53 - loadSOFacts.bat - Command cmd.exe /C "c:\erp-intell\ETL\SO\ETL\load\postbooks\loadSOFacts.bat" has finished
2011/04/04 19:56:45 - loadSOFacts.bat - Found 0 previous result rows
2011/04/04 19:56:45 - loadSOFacts.bat - Running on platform : Windows XP
2011/04/04 19:56:45 - loadSOFacts.bat - Executing command : cmd.exe /C "c:\erp-intell\ETL\SO\ETL\load\postbooks\loadSOFacts.bat"
2011/04/04 19:56:45 - loadSOFacts.bat - loadSOFacts.bat (stdout)
2011/04/04 19:56:45 - loadSOFacts.bat - loadSOFacts.bat (stdout)
2011/04/04 19:56:46 - loadSOFacts.bat - loadSOFacts.bat (stdout)
2011/04/04 19:56:46 - loadSOFacts.bat - Command cmd.exe /C "c:\erp-intell\ETL\SO\ETL\load\postbooks\loadSOFacts.bat" has finished
2011/04/05 16:12:32 - loadSOFacts.bat - Found 0 previous result rows
2011/04/05 16:12:32 - loadSOFacts.bat - Running on platform : Windows XP
2011/04/05 16:12:32 - loadSOFacts.bat - Executing command : cmd.exe /C "c:\erp-intell\ETL\SO\ETL\load\postbooks\loadSOFacts.bat"
2011/04/05 16:12:33 - loadSOFacts.bat - loadSOFacts.bat (stdout)
2011/04/05 16:12:33 - loadSOFacts.bat - loadSOFacts.bat (stdout)
2011/04/05 16:12:34 - loadSOFacts.bat - loadSOFacts.bat (stdout)
2011/04/05 16:12:34 - loadSOFacts.bat - Command cmd.exe /C "c:\erp-intell\ETL\SO\ETL\load\postbooks\loadSOFacts.bat" has finished
2011/04/05 16:20:56 - loadSOFacts.bat - Found 0 previous result rows
2011/04/05 16:20:56 - loadSOFacts.bat - Running on platform : Windows XP
2011/04/05 16:20:56 - loadSOFacts.bat - Executing command : cmd.exe /C "c:\erp-intell\ETL\SO\ETL\load\postbooks\loadSOFacts.bat"
2011/04/05 16:20:56 - loadSOFacts.bat - loadSOFacts.bat (stdout)
2011/04/05 16:20:56 - loadSOFacts.bat - loadSOFacts.bat (stdout)
2011/04/05 16:20:57 - loadSOFacts.bat - loadSOFacts.bat (stdout)
2011/04/05 16:20:57 - loadSOFacts.bat - Command cmd.exe /C "c:\erp-intell\ETL\SO\ETL\load\postbooks\loadSOFacts.bat" has finished
2011/04/05 16:26:52 - loadSOFacts.bat - Found 0 previous result rows
2011/04/05 16:26:52 - loadSOFacts.bat - Running on platform : Windows XP
2011/04/05 16:26:52 - loadSOFacts.bat - Executing command : cmd.exe /C "c:\erp-intell\ETL\SO\ETL\load\postbooks\loadSOFacts.bat"
2011/04/05 16:26:52 - loadSOFacts.bat - loadSOFacts.bat (stdout)
2011/04/05 16:26:52 - loadSOFacts.bat - loadSOFacts.bat (stdout)
2011/04/05 16:26:53 - loadSOFacts.bat - loadSOFacts.bat (stdout)
2011/04/05 16:26:53 - loadSOFacts.bat - Command cmd.exe /C "c:\erp-intell\ETL\SO\ETL\load\postbooks\loadSOFacts.bat" has finished
2011/04/06 14:51:07 - loadSOFacts.bat - Found 0 previous result rows
2011/04/06 14:51:07 - loadSOFacts.bat - Running on platform : Windows XP
2011/04/06 14:51:07 - loadSOFacts.bat - Executing command : cmd.exe /C "c:\erpBI\ETL\SO\ETL\load\postbooks\loadSOFacts.bat"
2011/04/06 14:51:07 - loadSOFacts.bat - loadSOFacts.bat (stdout)
2011/04/06 14:51:07 - loadSOFacts.bat - loadSOFacts.bat (stdout)
2011/04/06 14:51:09 - loadSOFacts.bat - loadSOFacts.bat (stdout)
2011/04/06 14:51:09 - loadSOFacts.bat - Command cmd.exe /C "c:\erpBI\ETL\SO\ETL\load\postbooks\loadSOFacts.bat" has finished
2011/04/06 16:08:57 - loadSOFacts.bat - Found 0 previous result rows
2011/04/06 16:08:57 - loadSOFacts.bat - Running on platform : Windows XP
2011/04/06 16:08:57 - loadSOFacts.bat - Executing command : cmd.exe /C "c:\erpBI\ETL\SO\ETL\load\postbooks\loadSOFacts.bat"
2011/04/06 16:08:58 - loadSOFacts.bat - loadSOFacts.bat (stdout)
2011/04/06 16:08:58 - loadSOFacts.bat - loadSOFacts.bat (stdout)
2011/04/06 16:09:00 - loadSOFacts.bat - loadSOFacts.bat (stdout)
2011/04/06 16:09:00 - loadSOFacts.bat - Command cmd.exe /C "c:\erpBI\ETL\SO\ETL\load\postbooks\loadSOFacts.bat" has finished
2011/04/06 16:19:05 - loadSOFacts.bat - Found 0 previous result rows
2011/04/06 16:19:05 - loadSOFacts.bat - Running on platform : Windows XP
2011/04/06 16:19:05 - loadSOFacts.bat - Executing command : cmd.exe /C "c:\erpBI\ETL\SO\ETL\load\postbooks\loadSOFacts.bat"
2011/04/06 16:19:05 - loadSOFacts.bat - loadSOFacts.bat (stdout)
2011/04/06 16:19:05 - loadSOFacts.bat - loadSOFacts.bat (stdout)
2011/04/06 16:19:06 - loadSOFacts.bat - loadSOFacts.bat (stdout)
2011/04/06 16:19:06 - loadSOFacts.bat - Command cmd.exe /C "c:\erpBI\ETL\SO\ETL\load\postbooks\loadSOFacts.bat" has finished
2011/04/06 19:36:25 - loadSOFacts.bat - Found 0 previous result rows
2011/04/06 19:36:25 - loadSOFacts.bat - Running on platform : Windows XP
2011/04/06 19:36:25 - loadSOFacts.bat - Executing command : cmd.exe /C "c:\erpBI\ETL\SO\ETL\load\postbooks\loadSOFacts.bat"
2011/04/06 19:36:26 - loadSOFacts.bat - loadSOFacts.bat (stdout)
2011/04/06 19:36:26 - loadSOFacts.bat - loadSOFacts.bat (stdout)
2011/04/06 19:36:27 - loadSOFacts.bat - loadSOFacts.bat (stdout)
2011/04/06 19:36:27 - loadSOFacts.bat - Command cmd.exe /C "c:\erpBI\ETL\SO\ETL\load\postbooks\loadSOFacts.bat" has finished
2011/04/06 19:47:13 - loadSOFacts.bat - Found 0 previous result rows
2011/04/06 19:47:13 - loadSOFacts.bat - Running on platform : Windows XP
2011/04/06 19:47:13 - loadSOFacts.bat - Executing command : cmd.exe /C "c:\erpBI\ETL\SO\ETL\load\postbooks\loadSOFacts.bat"
2011/04/06 19:47:13 - loadSOFacts.bat - loadSOFacts.bat (stdout)
2011/04/06 19:47:13 - loadSOFacts.bat - loadSOFacts.bat (stdout)
2011/04/06 19:47:13 - loadSOFacts.bat - loadSOFacts.bat (stdout)
2011/04/06 19:47:13 - loadSOFacts.bat - Command cmd.exe /C "c:\erpBI\ETL\SO\ETL\load\postbooks\loadSOFacts.bat" has finished
2011/04/06 19:50:38 - loadSOFacts.bat - Found 0 previous result rows
2011/04/06 19:50:38 - loadSOFacts.bat - Running on platform : Windows XP
2011/04/06 19:50:38 - loadSOFacts.bat - Executing command : cmd.exe /C "c:\erpBI\ETL\SO\ETL\load\postbooks\loadSOFacts.bat"
2011/04/06 19:50:39 - loadSOFacts.bat - loadSOFacts.bat (stdout)
2011/04/06 19:50:39 - loadSOFacts.bat - loadSOFacts.bat (stdout)
2011/04/06 19:50:39 - loadSOFacts.bat - loadSOFacts.bat (stdout)
2011/04/06 19:50:39 - loadSOFacts.bat - Command cmd.exe /C "c:\erpBI\ETL\SO\ETL\load\postbooks\loadSOFacts.bat" has finished
2011/04/06 19:55:43 - loadSOFacts.bat - Found 0 previous result rows
2011/04/06 19:55:43 - loadSOFacts.bat - Running on platform : Windows XP
2011/04/06 19:55:43 - loadSOFacts.bat - Executing command : cmd.exe /C "c:\erpBI\ETL\SO\ETL\load\postbooks\loadSOFacts.bat"
2011/04/06 19:55:43 - loadSOFacts.bat - loadSOFacts.bat (stdout)
2011/04/06 19:55:43 - loadSOFacts.bat - loadSOFacts.bat (stdout)
2011/04/06 19:55:43 - loadSOFacts.bat - loadSOFacts.bat (stdout)
2011/04/06 19:55:43 - loadSOFacts.bat - Command cmd.exe /C "c:\erpBI\ETL\SO\ETL\load\postbooks\loadSOFacts.bat" has finished
2011/04/11 15:51:08 - loadSOFacts.bat - Found 0 previous result rows
2011/04/11 15:51:08 - loadSOFacts.bat - Running on platform : Windows XP
2011/04/11 15:51:08 - loadSOFacts.bat - Executing command : cmd.exe /C "c:\erpBI\ETL\SO\ETL\load\postbooks\loadSOFacts.bat"
2011/04/11 15:51:08 - loadSOFacts.bat - loadSOFacts.bat (stdout)
2011/04/11 15:51:08 - loadSOFacts.bat - loadSOFacts.bat (stdout)
2011/04/11 15:51:09 - loadSOFacts.bat - loadSOFacts.bat (stdout)
2011/04/11 15:51:09 - loadSOFacts.bat - Command cmd.exe /C "c:\erpBI\ETL\SO\ETL\load\postbooks\loadSOFacts.bat" has finished
2011/04/12 15:14:08 - loadSOFacts.bat - Found 0 previous result rows
2011/04/12 15:14:08 - loadSOFacts.bat - Running on platform : Windows XP
2011/04/12 15:14:08 - loadSOFacts.bat - Executing command : cmd.exe /C "c:\erpBI\ETL\SO\ETL\load\postbooks\loadSOFacts.bat"
2011/04/12 15:14:08 - loadSOFacts.bat - loadSOFacts.bat (stdout)
2011/04/12 15:14:08 - loadSOFacts.bat - loadSOFacts.bat (stdout)
2011/04/12 15:14:10 - loadSOFacts.bat - loadSOFacts.bat (stdout)
2011/04/12 15:14:10 - loadSOFacts.bat - Command cmd.exe /C "c:\erpBI\ETL\SO\ETL\load\postbooks\loadSOFacts.bat" has finished
2011/04/13 16:30:52 - loadSOFacts.bat - Found 0 previous result rows
2011/04/13 16:30:52 - loadSOFacts.bat - Running on platform : Windows XP
2011/04/13 16:30:52 - loadSOFacts.bat - Executing command : cmd.exe /C "c:\erpBI\ETL\SO\ETL\load\postbooks\loadSOFacts.bat"
2011/04/13 16:30:52 - loadSOFacts.bat - loadSOFacts.bat (stdout)
2011/04/13 16:30:52 - loadSOFacts.bat - loadSOFacts.bat (stdout)
2011/04/13 16:30:53 - loadSOFacts.bat - loadSOFacts.bat (stdout)
2011/04/13 16:30:53 - loadSOFacts.bat - Command cmd.exe /C "c:\erpBI\ETL\SO\ETL\load\postbooks\loadSOFacts.bat" has finished
