2011/03/25 09:43:37 - loadSODelivFacts.bat - Found 0 previous result rows
2011/03/25 09:43:37 - loadSODelivFacts.bat - Running on platform : Windows XP
2011/03/25 09:43:37 - loadSODelivFacts.bat - Executing command : cmd.exe /C "c:\erp-intell\ETL\SO\ETL\load\postbooks\loadSODelivFacts.bat"
2011/03/25 09:43:37 - loadSODelivFacts.bat - loadSODelivFacts.bat (stdout)
2011/03/25 09:43:37 - loadSODelivFacts.bat - loadSODelivFacts.bat (stdout)
2011/03/25 09:43:38 - loadSODelivFacts.bat - loadSODelivFacts.bat (stdout)
2011/03/25 09:43:38 - loadSODelivFacts.bat - Command cmd.exe /C "c:\erp-intell\ETL\SO\ETL\load\postbooks\loadSODelivFacts.bat" has finished
2011/03/28 19:21:28 - loadSODelivFacts.bat - Found 0 previous result rows
2011/03/28 19:21:28 - loadSODelivFacts.bat - Running on platform : Windows XP
2011/03/28 19:21:28 - loadSODelivFacts.bat - Executing command : cmd.exe /C "c:\erp-intell\ETL\SO\ETL\load\postbooks\loadSODelivFacts.bat"
2011/03/28 19:21:28 - loadSODelivFacts.bat - loadSODelivFacts.bat (stdout)
2011/03/28 19:21:28 - loadSODelivFacts.bat - loadSODelivFacts.bat (stdout)
2011/03/28 19:21:32 - loadSODelivFacts.bat - loadSODelivFacts.bat (stdout)
2011/03/28 19:21:32 - loadSODelivFacts.bat - Command cmd.exe /C "c:\erp-intell\ETL\SO\ETL\load\postbooks\loadSODelivFacts.bat" has finished
2011/03/28 19:27:37 - loadSODelivFacts.bat - Found 0 previous result rows
2011/03/28 19:27:37 - loadSODelivFacts.bat - Running on platform : Windows XP
2011/03/28 19:27:37 - loadSODelivFacts.bat - Executing command : cmd.exe /C "c:\erp-intell\ETL\SO\ETL\load\postbooks\loadSODelivFacts.bat"
2011/03/28 19:27:37 - loadSODelivFacts.bat - loadSODelivFacts.bat (stdout)
2011/03/28 19:27:37 - loadSODelivFacts.bat - loadSODelivFacts.bat (stdout)
2011/03/28 19:27:37 - loadSODelivFacts.bat - loadSODelivFacts.bat (stdout)
2011/03/28 19:27:37 - loadSODelivFacts.bat - Command cmd.exe /C "c:\erp-intell\ETL\SO\ETL\load\postbooks\loadSODelivFacts.bat" has finished
2011/03/28 20:27:42 - loadSODelivFacts.bat - Found 0 previous result rows
2011/03/28 20:27:42 - loadSODelivFacts.bat - Running on platform : Windows XP
2011/03/28 20:27:42 - loadSODelivFacts.bat - Executing command : cmd.exe /C "c:\erp-intell\ETL\SO\ETL\load\postbooks\loadSODelivFacts.bat"
2011/03/28 20:27:42 - loadSODelivFacts.bat - loadSODelivFacts.bat (stdout)
2011/03/28 20:27:42 - loadSODelivFacts.bat - loadSODelivFacts.bat (stdout)
2011/03/28 20:27:42 - loadSODelivFacts.bat - loadSODelivFacts.bat (stdout)
2011/03/28 20:27:42 - loadSODelivFacts.bat - Command cmd.exe /C "c:\erp-intell\ETL\SO\ETL\load\postbooks\loadSODelivFacts.bat" has finished
2011/03/30 10:07:43 - loadSODelivFacts.bat - Found 0 previous result rows
2011/03/30 10:07:43 - loadSODelivFacts.bat - Running on platform : Windows XP
2011/03/30 10:07:43 - loadSODelivFacts.bat - Executing command : cmd.exe /C "c:\erp-intell\ETL\SO\ETL\load\postbooks\loadSODelivFacts.bat"
2011/03/30 10:07:43 - loadSODelivFacts.bat - loadSODelivFacts.bat (stdout)
2011/03/30 10:07:43 - loadSODelivFacts.bat - loadSODelivFacts.bat (stdout)
2011/03/30 10:07:46 - loadSODelivFacts.bat - loadSODelivFacts.bat (stdout)
2011/03/30 10:07:47 - loadSODelivFacts.bat - Command cmd.exe /C "c:\erp-intell\ETL\SO\ETL\load\postbooks\loadSODelivFacts.bat" has finished
2011/03/30 10:14:04 - loadSODelivFacts.bat - Found 0 previous result rows
2011/03/30 10:14:04 - loadSODelivFacts.bat - Running on platform : Windows XP
2011/03/30 10:14:04 - loadSODelivFacts.bat - Executing command : cmd.exe /C "c:\erp-intell\ETL\SO\ETL\load\postbooks\loadSODelivFacts.bat"
2011/03/30 10:14:04 - loadSODelivFacts.bat - loadSODelivFacts.bat (stdout)
2011/03/30 10:14:04 - loadSODelivFacts.bat - loadSODelivFacts.bat (stdout)
2011/03/30 10:14:05 - loadSODelivFacts.bat - loadSODelivFacts.bat (stdout)
2011/03/30 10:14:05 - loadSODelivFacts.bat - Command cmd.exe /C "c:\erp-intell\ETL\SO\ETL\load\postbooks\loadSODelivFacts.bat" has finished
2011/03/30 10:32:54 - loadSODelivFacts.bat - Found 0 previous result rows
2011/03/30 10:32:54 - loadSODelivFacts.bat - Running on platform : Windows XP
2011/03/30 10:32:54 - loadSODelivFacts.bat - Executing command : cmd.exe /C "c:\erp-intell\ETL\SO\ETL\load\postbooks\loadSODelivFacts.bat"
2011/03/30 10:32:54 - loadSODelivFacts.bat - loadSODelivFacts.bat (stdout)
2011/03/30 10:32:54 - loadSODelivFacts.bat - loadSODelivFacts.bat (stdout)
2011/03/30 10:32:54 - loadSODelivFacts.bat - loadSODelivFacts.bat (stdout)
2011/03/30 10:32:54 - loadSODelivFacts.bat - Command cmd.exe /C "c:\erp-intell\ETL\SO\ETL\load\postbooks\loadSODelivFacts.bat" has finished
2011/04/04 19:56:47 - loadSODelivFacts.bat - Found 0 previous result rows
2011/04/04 19:56:47 - loadSODelivFacts.bat - Running on platform : Windows XP
2011/04/04 19:56:47 - loadSODelivFacts.bat - Executing command : cmd.exe /C "c:\erp-intell\ETL\SO\ETL\load\postbooks\loadSODelivFacts.bat"
2011/04/04 19:56:47 - loadSODelivFacts.bat - loadSODelivFacts.bat (stdout)
2011/04/04 19:56:47 - loadSODelivFacts.bat - loadSODelivFacts.bat (stdout)
2011/04/04 19:56:48 - loadSODelivFacts.bat - loadSODelivFacts.bat (stdout)
2011/04/04 19:56:48 - loadSODelivFacts.bat - Command cmd.exe /C "c:\erp-intell\ETL\SO\ETL\load\postbooks\loadSODelivFacts.bat" has finished
2011/04/05 16:12:36 - loadSODelivFacts.bat - Found 0 previous result rows
2011/04/05 16:12:36 - loadSODelivFacts.bat - Running on platform : Windows XP
2011/04/05 16:12:36 - loadSODelivFacts.bat - Executing command : cmd.exe /C "c:\erp-intell\ETL\SO\ETL\load\postbooks\loadSODelivFacts.bat"
2011/04/05 16:12:36 - loadSODelivFacts.bat - loadSODelivFacts.bat (stdout)
2011/04/05 16:12:36 - loadSODelivFacts.bat - loadSODelivFacts.bat (stdout)
2011/04/05 16:12:36 - loadSODelivFacts.bat - loadSODelivFacts.bat (stdout)
2011/04/05 16:12:36 - loadSODelivFacts.bat - Command cmd.exe /C "c:\erp-intell\ETL\SO\ETL\load\postbooks\loadSODelivFacts.bat" has finished
2011/04/05 16:20:58 - loadSODelivFacts.bat - Found 0 previous result rows
2011/04/05 16:20:58 - loadSODelivFacts.bat - Running on platform : Windows XP
2011/04/05 16:20:58 - loadSODelivFacts.bat - Executing command : cmd.exe /C "c:\erp-intell\ETL\SO\ETL\load\postbooks\loadSODelivFacts.bat"
2011/04/05 16:20:58 - loadSODelivFacts.bat - loadSODelivFacts.bat (stdout)
2011/04/05 16:20:58 - loadSODelivFacts.bat - loadSODelivFacts.bat (stdout)
2011/04/05 16:20:59 - loadSODelivFacts.bat - loadSODelivFacts.bat (stdout)
2011/04/05 16:20:59 - loadSODelivFacts.bat - Command cmd.exe /C "c:\erp-intell\ETL\SO\ETL\load\postbooks\loadSODelivFacts.bat" has finished
2011/04/05 16:26:54 - loadSODelivFacts.bat - Found 0 previous result rows
2011/04/05 16:26:54 - loadSODelivFacts.bat - Running on platform : Windows XP
2011/04/05 16:26:54 - loadSODelivFacts.bat - Executing command : cmd.exe /C "c:\erp-intell\ETL\SO\ETL\load\postbooks\loadSODelivFacts.bat"
2011/04/05 16:26:54 - loadSODelivFacts.bat - loadSODelivFacts.bat (stdout)
2011/04/05 16:26:54 - loadSODelivFacts.bat - loadSODelivFacts.bat (stdout)
2011/04/05 16:26:55 - loadSODelivFacts.bat - loadSODelivFacts.bat (stdout)
2011/04/05 16:26:55 - loadSODelivFacts.bat - Command cmd.exe /C "c:\erp-intell\ETL\SO\ETL\load\postbooks\loadSODelivFacts.bat" has finished
2011/04/06 14:51:11 - loadSODelivFacts.bat - Found 0 previous result rows
2011/04/06 14:51:11 - loadSODelivFacts.bat - Running on platform : Windows XP
2011/04/06 14:51:11 - loadSODelivFacts.bat - Executing command : cmd.exe /C "c:\erpBI\ETL\SO\ETL\load\postbooks\loadSODelivFacts.bat"
2011/04/06 14:51:11 - loadSODelivFacts.bat - loadSODelivFacts.bat (stdout)
2011/04/06 14:51:11 - loadSODelivFacts.bat - loadSODelivFacts.bat (stdout)
2011/04/06 14:51:11 - loadSODelivFacts.bat - loadSODelivFacts.bat (stdout)
2011/04/06 14:51:11 - loadSODelivFacts.bat - Command cmd.exe /C "c:\erpBI\ETL\SO\ETL\load\postbooks\loadSODelivFacts.bat" has finished
2011/04/06 16:09:02 - loadSODelivFacts.bat - Found 0 previous result rows
2011/04/06 16:09:02 - loadSODelivFacts.bat - Running on platform : Windows XP
2011/04/06 16:09:02 - loadSODelivFacts.bat - Executing command : cmd.exe /C "c:\erpBI\ETL\SO\ETL\load\postbooks\loadSODelivFacts.bat"
2011/04/06 16:09:02 - loadSODelivFacts.bat - loadSODelivFacts.bat (stdout)
2011/04/06 16:09:02 - loadSODelivFacts.bat - loadSODelivFacts.bat (stdout)
2011/04/06 16:09:03 - loadSODelivFacts.bat - loadSODelivFacts.bat (stdout)
2011/04/06 16:09:03 - loadSODelivFacts.bat - Command cmd.exe /C "c:\erpBI\ETL\SO\ETL\load\postbooks\loadSODelivFacts.bat" has finished
2011/04/06 16:19:07 - loadSODelivFacts.bat - Found 0 previous result rows
2011/04/06 16:19:07 - loadSODelivFacts.bat - Running on platform : Windows XP
2011/04/06 16:19:07 - loadSODelivFacts.bat - Executing command : cmd.exe /C "c:\erpBI\ETL\SO\ETL\load\postbooks\loadSODelivFacts.bat"
2011/04/06 16:19:07 - loadSODelivFacts.bat - loadSODelivFacts.bat (stdout)
2011/04/06 16:19:07 - loadSODelivFacts.bat - loadSODelivFacts.bat (stdout)
2011/04/06 16:19:07 - loadSODelivFacts.bat - loadSODelivFacts.bat (stdout)
2011/04/06 16:19:07 - loadSODelivFacts.bat - Command cmd.exe /C "c:\erpBI\ETL\SO\ETL\load\postbooks\loadSODelivFacts.bat" has finished
2011/04/06 19:36:28 - loadSODelivFacts.bat - Found 0 previous result rows
2011/04/06 19:36:28 - loadSODelivFacts.bat - Running on platform : Windows XP
2011/04/06 19:36:28 - loadSODelivFacts.bat - Executing command : cmd.exe /C "c:\erpBI\ETL\SO\ETL\load\postbooks\loadSODelivFacts.bat"
2011/04/06 19:36:28 - loadSODelivFacts.bat - loadSODelivFacts.bat (stdout)
2011/04/06 19:36:28 - loadSODelivFacts.bat - loadSODelivFacts.bat (stdout)
2011/04/06 19:36:29 - loadSODelivFacts.bat - loadSODelivFacts.bat (stdout)
2011/04/06 19:36:29 - loadSODelivFacts.bat - Command cmd.exe /C "c:\erpBI\ETL\SO\ETL\load\postbooks\loadSODelivFacts.bat" has finished
2011/04/06 19:47:15 - loadSODelivFacts.bat - Found 0 previous result rows
2011/04/06 19:47:15 - loadSODelivFacts.bat - Running on platform : Windows XP
2011/04/06 19:47:15 - loadSODelivFacts.bat - Executing command : cmd.exe /C "c:\erpBI\ETL\SO\ETL\load\postbooks\loadSODelivFacts.bat"
2011/04/06 19:47:15 - loadSODelivFacts.bat - loadSODelivFacts.bat (stdout)
2011/04/06 19:47:15 - loadSODelivFacts.bat - loadSODelivFacts.bat (stdout)
2011/04/06 19:47:15 - loadSODelivFacts.bat - loadSODelivFacts.bat (stdout)
2011/04/06 19:47:15 - loadSODelivFacts.bat - Command cmd.exe /C "c:\erpBI\ETL\SO\ETL\load\postbooks\loadSODelivFacts.bat" has finished
2011/04/06 19:50:40 - loadSODelivFacts.bat - Found 0 previous result rows
2011/04/06 19:50:40 - loadSODelivFacts.bat - Running on platform : Windows XP
2011/04/06 19:50:40 - loadSODelivFacts.bat - Executing command : cmd.exe /C "c:\erpBI\ETL\SO\ETL\load\postbooks\loadSODelivFacts.bat"
2011/04/06 19:50:40 - loadSODelivFacts.bat - loadSODelivFacts.bat (stdout)
2011/04/06 19:50:40 - loadSODelivFacts.bat - loadSODelivFacts.bat (stdout)
2011/04/06 19:50:41 - loadSODelivFacts.bat - loadSODelivFacts.bat (stdout)
2011/04/06 19:50:41 - loadSODelivFacts.bat - Command cmd.exe /C "c:\erpBI\ETL\SO\ETL\load\postbooks\loadSODelivFacts.bat" has finished
2011/04/06 19:55:44 - loadSODelivFacts.bat - Found 0 previous result rows
2011/04/06 19:55:44 - loadSODelivFacts.bat - Running on platform : Windows XP
2011/04/06 19:55:44 - loadSODelivFacts.bat - Executing command : cmd.exe /C "c:\erpBI\ETL\SO\ETL\load\postbooks\loadSODelivFacts.bat"
2011/04/06 19:55:44 - loadSODelivFacts.bat - loadSODelivFacts.bat (stdout)
2011/04/06 19:55:44 - loadSODelivFacts.bat - loadSODelivFacts.bat (stdout)
2011/04/06 19:55:45 - loadSODelivFacts.bat - loadSODelivFacts.bat (stdout)
2011/04/06 19:55:45 - loadSODelivFacts.bat - Command cmd.exe /C "c:\erpBI\ETL\SO\ETL\load\postbooks\loadSODelivFacts.bat" has finished
2011/04/11 15:51:11 - loadSODelivFacts.bat - Found 0 previous result rows
2011/04/11 15:51:11 - loadSODelivFacts.bat - Running on platform : Windows XP
2011/04/11 15:51:11 - loadSODelivFacts.bat - Executing command : cmd.exe /C "c:\erpBI\ETL\SO\ETL\load\postbooks\loadSODelivFacts.bat"
2011/04/11 15:51:11 - loadSODelivFacts.bat - loadSODelivFacts.bat (stdout)
2011/04/11 15:51:11 - loadSODelivFacts.bat - loadSODelivFacts.bat (stdout)
2011/04/11 15:51:11 - loadSODelivFacts.bat - loadSODelivFacts.bat (stdout)
2011/04/11 15:51:11 - loadSODelivFacts.bat - Command cmd.exe /C "c:\erpBI\ETL\SO\ETL\load\postbooks\loadSODelivFacts.bat" has finished
2011/04/12 15:14:12 - loadSODelivFacts.bat - Found 0 previous result rows
2011/04/12 15:14:12 - loadSODelivFacts.bat - Running on platform : Windows XP
2011/04/12 15:14:12 - loadSODelivFacts.bat - Executing command : cmd.exe /C "c:\erpBI\ETL\SO\ETL\load\postbooks\loadSODelivFacts.bat"
2011/04/12 15:14:12 - loadSODelivFacts.bat - loadSODelivFacts.bat (stdout)
2011/04/12 15:14:12 - loadSODelivFacts.bat - loadSODelivFacts.bat (stdout)
2011/04/12 15:14:13 - loadSODelivFacts.bat - loadSODelivFacts.bat (stdout)
2011/04/12 15:14:13 - loadSODelivFacts.bat - Command cmd.exe /C "c:\erpBI\ETL\SO\ETL\load\postbooks\loadSODelivFacts.bat" has finished
2011/04/13 16:30:55 - loadSODelivFacts.bat - Found 0 previous result rows
2011/04/13 16:30:55 - loadSODelivFacts.bat - Running on platform : Windows XP
2011/04/13 16:30:55 - loadSODelivFacts.bat - Executing command : cmd.exe /C "c:\erpBI\ETL\SO\ETL\load\postbooks\loadSODelivFacts.bat"
2011/04/13 16:30:55 - loadSODelivFacts.bat - loadSODelivFacts.bat (stdout)
2011/04/13 16:30:55 - loadSODelivFacts.bat - loadSODelivFacts.bat (stdout)
2011/04/13 16:30:55 - loadSODelivFacts.bat - loadSODelivFacts.bat (stdout)
2011/04/13 16:30:55 - loadSODelivFacts.bat - Command cmd.exe /C "c:\erpBI\ETL\SO\ETL\load\postbooks\loadSODelivFacts.bat" has finished
2011/04/14 10:32:22 - loadSODelivFacts.bat - Found 0 previous result rows
2011/04/14 10:32:22 - loadSODelivFacts.bat - Running on platform : Windows XP
2011/04/14 10:32:22 - loadSODelivFacts.bat - Executing command : cmd.exe /C "c:\erpBI\ETL\SO\ETL\load\postbooks\loadSODelivFacts.bat"
2011/04/14 10:32:22 - loadSODelivFacts.bat - loadSODelivFacts.bat (stdout)
2011/04/14 10:32:22 - loadSODelivFacts.bat - loadSODelivFacts.bat (stdout)
2011/04/14 10:32:23 - loadSODelivFacts.bat - loadSODelivFacts.bat (stdout)
2011/04/14 10:32:23 - loadSODelivFacts.bat - Command cmd.exe /C "c:\erpBI\ETL\SO\ETL\load\postbooks\loadSODelivFacts.bat" has finished
2011/04/14 10:49:03 - loadSODelivFacts.bat - Found 0 previous result rows
2011/04/14 10:49:03 - loadSODelivFacts.bat - Running on platform : Windows XP
2011/04/14 10:49:03 - loadSODelivFacts.bat - Executing command : cmd.exe /C "c:\erpBI\ETL\SO\ETL\load\postbooks\loadSODelivFacts.bat"
2011/04/14 10:49:03 - loadSODelivFacts.bat - loadSODelivFacts.bat (stdout)
2011/04/14 10:49:03 - loadSODelivFacts.bat - loadSODelivFacts.bat (stdout)
2011/04/14 10:49:03 - loadSODelivFacts.bat - loadSODelivFacts.bat (stdout)
2011/04/14 10:49:03 - loadSODelivFacts.bat - Command cmd.exe /C "c:\erpBI\ETL\SO\ETL\load\postbooks\loadSODelivFacts.bat" has finished
